

Started GET "/" for 127.0.0.1 at 2015-01-15 17:38:30 +0200
Processing by Rails::WelcomeController#index as HTML
  Rendered C:/RailsInstaller/Ruby2.1.0/lib/ruby/gems/2.1.0/gems/railties-4.1.8/lib/rails/templates/rails/welcome/index.html.erb (4.0ms)
Completed 200 OK in 31ms (Views: 21.0ms | ActiveRecord: 0.0ms)


Started GET "/" for 127.0.0.1 at 2015-01-15 17:41:00 +0200
Processing by Rails::WelcomeController#index as HTML
  Rendered C:/RailsInstaller/Ruby2.1.0/lib/ruby/gems/2.1.0/gems/railties-4.1.8/lib/rails/templates/rails/welcome/index.html.erb (0.0ms)
Completed 200 OK in 2ms (Views: 2.0ms | ActiveRecord: 0.0ms)


Started GET "/" for 127.0.0.1 at 2015-01-15 17:41:00 +0200
Processing by Rails::WelcomeController#index as HTML
  Rendered C:/RailsInstaller/Ruby2.1.0/lib/ruby/gems/2.1.0/gems/railties-4.1.8/lib/rails/templates/rails/welcome/index.html.erb (0.0ms)
Completed 200 OK in 1ms (Views: 1.0ms | ActiveRecord: 0.0ms)


Started GET "/" for 127.0.0.1 at 2015-01-15 17:41:00 +0200
Processing by Rails::WelcomeController#index as HTML
  Rendered C:/RailsInstaller/Ruby2.1.0/lib/ruby/gems/2.1.0/gems/railties-4.1.8/lib/rails/templates/rails/welcome/index.html.erb (0.0ms)
Completed 200 OK in 2ms (Views: 2.0ms | ActiveRecord: 0.0ms)


Started GET "/" for 127.0.0.1 at 2015-01-15 17:41:00 +0200
Processing by Rails::WelcomeController#index as HTML
  Rendered C:/RailsInstaller/Ruby2.1.0/lib/ruby/gems/2.1.0/gems/railties-4.1.8/lib/rails/templates/rails/welcome/index.html.erb (0.0ms)
Completed 200 OK in 1ms (Views: 1.0ms | ActiveRecord: 0.0ms)


Started GET "/" for 127.0.0.1 at 2015-01-15 17:41:00 +0200
Processing by Rails::WelcomeController#index as HTML
  Rendered C:/RailsInstaller/Ruby2.1.0/lib/ruby/gems/2.1.0/gems/railties-4.1.8/lib/rails/templates/rails/welcome/index.html.erb (0.0ms)
Completed 200 OK in 1ms (Views: 1.0ms | ActiveRecord: 0.0ms)


Started GET "/" for 127.0.0.1 at 2015-01-15 17:41:00 +0200
Processing by Rails::WelcomeController#index as HTML
  Rendered C:/RailsInstaller/Ruby2.1.0/lib/ruby/gems/2.1.0/gems/railties-4.1.8/lib/rails/templates/rails/welcome/index.html.erb (0.0ms)
Completed 200 OK in 2ms (Views: 2.0ms | ActiveRecord: 0.0ms)


Started GET "/" for 127.0.0.1 at 2015-01-15 17:41:00 +0200
Processing by Rails::WelcomeController#index as HTML
  Rendered C:/RailsInstaller/Ruby2.1.0/lib/ruby/gems/2.1.0/gems/railties-4.1.8/lib/rails/templates/rails/welcome/index.html.erb (0.0ms)
Completed 200 OK in 1ms (Views: 1.0ms | ActiveRecord: 0.0ms)


Started GET "/" for 127.0.0.1 at 2015-01-15 17:41:01 +0200
Processing by Rails::WelcomeController#index as HTML
  Rendered C:/RailsInstaller/Ruby2.1.0/lib/ruby/gems/2.1.0/gems/railties-4.1.8/lib/rails/templates/rails/welcome/index.html.erb (0.0ms)
Completed 200 OK in 1ms (Views: 1.0ms | ActiveRecord: 0.0ms)


Started GET "/" for 127.0.0.1 at 2015-01-15 17:41:01 +0200
Processing by Rails::WelcomeController#index as HTML
  Rendered C:/RailsInstaller/Ruby2.1.0/lib/ruby/gems/2.1.0/gems/railties-4.1.8/lib/rails/templates/rails/welcome/index.html.erb (0.0ms)
Completed 200 OK in 3ms (Views: 3.0ms | ActiveRecord: 0.0ms)


Started GET "/" for 127.0.0.1 at 2015-01-15 17:41:01 +0200
Processing by Rails::WelcomeController#index as HTML
  Rendered C:/RailsInstaller/Ruby2.1.0/lib/ruby/gems/2.1.0/gems/railties-4.1.8/lib/rails/templates/rails/welcome/index.html.erb (0.0ms)
Completed 200 OK in 2ms (Views: 1.0ms | ActiveRecord: 0.0ms)


Started GET "/" for 127.0.0.1 at 2015-01-15 17:41:01 +0200
Processing by Rails::WelcomeController#index as HTML
  Rendered C:/RailsInstaller/Ruby2.1.0/lib/ruby/gems/2.1.0/gems/railties-4.1.8/lib/rails/templates/rails/welcome/index.html.erb (0.0ms)
Completed 200 OK in 2ms (Views: 2.0ms | ActiveRecord: 0.0ms)


Started GET "/" for 127.0.0.1 at 2015-01-15 17:41:01 +0200
Processing by Rails::WelcomeController#index as HTML
  Rendered C:/RailsInstaller/Ruby2.1.0/lib/ruby/gems/2.1.0/gems/railties-4.1.8/lib/rails/templates/rails/welcome/index.html.erb (0.0ms)
Completed 200 OK in 1ms (Views: 1.0ms | ActiveRecord: 0.0ms)


Started GET "/" for 127.0.0.1 at 2015-01-15 17:41:01 +0200
Processing by Rails::WelcomeController#index as HTML
  Rendered C:/RailsInstaller/Ruby2.1.0/lib/ruby/gems/2.1.0/gems/railties-4.1.8/lib/rails/templates/rails/welcome/index.html.erb (0.0ms)
Completed 200 OK in 2ms (Views: 1.0ms | ActiveRecord: 0.0ms)


Started GET "/" for 127.0.0.1 at 2015-01-15 17:41:01 +0200
Processing by Rails::WelcomeController#index as HTML
  Rendered C:/RailsInstaller/Ruby2.1.0/lib/ruby/gems/2.1.0/gems/railties-4.1.8/lib/rails/templates/rails/welcome/index.html.erb (0.0ms)
Completed 200 OK in 1ms (Views: 1.0ms | ActiveRecord: 0.0ms)


Started GET "/" for 127.0.0.1 at 2015-01-15 17:41:01 +0200
Processing by Rails::WelcomeController#index as HTML
  Rendered C:/RailsInstaller/Ruby2.1.0/lib/ruby/gems/2.1.0/gems/railties-4.1.8/lib/rails/templates/rails/welcome/index.html.erb (0.0ms)
Completed 200 OK in 2ms (Views: 1.0ms | ActiveRecord: 0.0ms)


Started GET "/" for 127.0.0.1 at 2015-01-15 17:41:01 +0200
Processing by Rails::WelcomeController#index as HTML
  Rendered C:/RailsInstaller/Ruby2.1.0/lib/ruby/gems/2.1.0/gems/railties-4.1.8/lib/rails/templates/rails/welcome/index.html.erb (0.0ms)
Completed 200 OK in 1ms (Views: 1.0ms | ActiveRecord: 0.0ms)


Started GET "/" for 127.0.0.1 at 2015-01-15 17:41:01 +0200
Processing by Rails::WelcomeController#index as HTML
  Rendered C:/RailsInstaller/Ruby2.1.0/lib/ruby/gems/2.1.0/gems/railties-4.1.8/lib/rails/templates/rails/welcome/index.html.erb (0.0ms)
Completed 200 OK in 1ms (Views: 1.0ms | ActiveRecord: 0.0ms)


Started GET "/" for 127.0.0.1 at 2015-01-15 17:41:01 +0200
Processing by Rails::WelcomeController#index as HTML
  Rendered C:/RailsInstaller/Ruby2.1.0/lib/ruby/gems/2.1.0/gems/railties-4.1.8/lib/rails/templates/rails/welcome/index.html.erb (0.0ms)
Completed 200 OK in 1ms (Views: 1.0ms | ActiveRecord: 0.0ms)


Started GET "/" for 127.0.0.1 at 2015-01-15 17:41:01 +0200
Processing by Rails::WelcomeController#index as HTML
  Rendered C:/RailsInstaller/Ruby2.1.0/lib/ruby/gems/2.1.0/gems/railties-4.1.8/lib/rails/templates/rails/welcome/index.html.erb (0.0ms)
Completed 200 OK in 1ms (Views: 1.0ms | ActiveRecord: 0.0ms)


Started GET "/" for 127.0.0.1 at 2015-01-15 17:41:01 +0200
Processing by Rails::WelcomeController#index as HTML
  Rendered C:/RailsInstaller/Ruby2.1.0/lib/ruby/gems/2.1.0/gems/railties-4.1.8/lib/rails/templates/rails/welcome/index.html.erb (0.0ms)
Completed 200 OK in 1ms (Views: 1.0ms | ActiveRecord: 0.0ms)


Started GET "/" for 127.0.0.1 at 2015-01-15 17:41:01 +0200
Processing by Rails::WelcomeController#index as HTML
  Rendered C:/RailsInstaller/Ruby2.1.0/lib/ruby/gems/2.1.0/gems/railties-4.1.8/lib/rails/templates/rails/welcome/index.html.erb (1.0ms)
Completed 200 OK in 2ms (Views: 2.0ms | ActiveRecord: 0.0ms)


Started GET "/" for 127.0.0.1 at 2015-01-15 17:41:01 +0200
Processing by Rails::WelcomeController#index as HTML
  Rendered C:/RailsInstaller/Ruby2.1.0/lib/ruby/gems/2.1.0/gems/railties-4.1.8/lib/rails/templates/rails/welcome/index.html.erb (0.0ms)
Completed 200 OK in 1ms (Views: 1.0ms | ActiveRecord: 0.0ms)


Started GET "/" for 127.0.0.1 at 2015-01-15 17:41:01 +0200
Processing by Rails::WelcomeController#index as HTML
  Rendered C:/RailsInstaller/Ruby2.1.0/lib/ruby/gems/2.1.0/gems/railties-4.1.8/lib/rails/templates/rails/welcome/index.html.erb (0.0ms)
Completed 200 OK in 1ms (Views: 1.0ms | ActiveRecord: 0.0ms)


Started GET "/" for 127.0.0.1 at 2015-01-15 17:41:01 +0200
Processing by Rails::WelcomeController#index as HTML
  Rendered C:/RailsInstaller/Ruby2.1.0/lib/ruby/gems/2.1.0/gems/railties-4.1.8/lib/rails/templates/rails/welcome/index.html.erb (0.0ms)
Completed 200 OK in 2ms (Views: 2.0ms | ActiveRecord: 0.0ms)


Started GET "/" for 127.0.0.1 at 2015-01-15 17:41:01 +0200
Processing by Rails::WelcomeController#index as HTML


























Started GET "/" for 127.0.0.1 at 2015-01-15 17:41:30 +0200
Processing by Rails::WelcomeController#index as HTML
  Rendered C:/RailsInstaller/Ruby2.1.0/lib/ruby/gems/2.1.0/gems/railties-4.1.8/lib/rails/templates/rails/welcome/index.html.erb (2.0ms)
Completed 200 OK in 18ms (Views: 10.0ms | ActiveRecord: 0.0ms)


Started GET "/" for 127.0.0.1 at 2015-01-15 17:41:31 +0200
Processing by Rails::WelcomeController#index as HTML
  Rendered C:/RailsInstaller/Ruby2.1.0/lib/ruby/gems/2.1.0/gems/railties-4.1.8/lib/rails/templates/rails/welcome/index.html.erb (0.0ms)
Completed 200 OK in 2ms (Views: 2.0ms | ActiveRecord: 0.0ms)


Started GET "/" for 127.0.0.1 at 2015-01-15 17:41:32 +0200
Processing by Rails::WelcomeController#index as HTML
  Rendered C:/RailsInstaller/Ruby2.1.0/lib/ruby/gems/2.1.0/gems/railties-4.1.8/lib/rails/templates/rails/welcome/index.html.erb (0.0ms)
Completed 200 OK in 1ms (Views: 1.0ms | ActiveRecord: 0.0ms)


Started GET "/" for 127.0.0.1 at 2015-01-15 17:41:32 +0200
Processing by Rails::WelcomeController#index as HTML
  Rendered C:/RailsInstaller/Ruby2.1.0/lib/ruby/gems/2.1.0/gems/railties-4.1.8/lib/rails/templates/rails/welcome/index.html.erb (0.0ms)
Completed 200 OK in 2ms (Views: 2.0ms | ActiveRecord: 0.0ms)


Started GET "/" for 127.0.0.1 at 2015-01-15 17:41:33 +0200
Processing by Rails::WelcomeController#index as HTML
  Rendered C:/RailsInstaller/Ruby2.1.0/lib/ruby/gems/2.1.0/gems/railties-4.1.8/lib/rails/templates/rails/welcome/index.html.erb (0.0ms)
Completed 200 OK in 2ms (Views: 2.0ms | ActiveRecord: 0.0ms)


Started GET "/" for 127.0.0.1 at 2015-01-15 17:41:33 +0200
Processing by Rails::WelcomeController#index as HTML
  Rendered C:/RailsInstaller/Ruby2.1.0/lib/ruby/gems/2.1.0/gems/railties-4.1.8/lib/rails/templates/rails/welcome/index.html.erb (0.0ms)
Completed 200 OK in 3ms (Views: 2.0ms | ActiveRecord: 0.0ms)


Started GET "/" for 127.0.0.1 at 2015-01-15 17:41:34 +0200
Processing by Rails::WelcomeController#index as HTML
  Rendered C:/RailsInstaller/Ruby2.1.0/lib/ruby/gems/2.1.0/gems/railties-4.1.8/lib/rails/templates/rails/welcome/index.html.erb (0.0ms)
Completed 200 OK in 2ms (Views: 2.0ms | ActiveRecord: 0.0ms)


Started GET "/" for 127.0.0.1 at 2015-01-15 17:41:34 +0200
Processing by Rails::WelcomeController#index as HTML
  Rendered C:/RailsInstaller/Ruby2.1.0/lib/ruby/gems/2.1.0/gems/railties-4.1.8/lib/rails/templates/rails/welcome/index.html.erb (0.0ms)
Completed 200 OK in 2ms (Views: 2.0ms | ActiveRecord: 0.0ms)


Started GET "/" for 127.0.0.1 at 2015-01-15 17:41:35 +0200
Processing by Rails::WelcomeController#index as HTML
  Rendered C:/RailsInstaller/Ruby2.1.0/lib/ruby/gems/2.1.0/gems/railties-4.1.8/lib/rails/templates/rails/welcome/index.html.erb (0.0ms)
Completed 200 OK in 3ms (Views: 2.0ms | ActiveRecord: 0.0ms)


Started GET "/" for 127.0.0.1 at 2015-01-15 17:41:35 +0200
Processing by Rails::WelcomeController#index as HTML
  Rendered C:/RailsInstaller/Ruby2.1.0/lib/ruby/gems/2.1.0/gems/railties-4.1.8/lib/rails/templates/rails/welcome/index.html.erb (0.0ms)
Completed 200 OK in 2ms (Views: 2.0ms | ActiveRecord: 0.0ms)


Started GET "/" for 127.0.0.1 at 2015-01-15 17:41:35 +0200
Processing by Rails::WelcomeController#index as HTML
  Rendered C:/RailsInstaller/Ruby2.1.0/lib/ruby/gems/2.1.0/gems/railties-4.1.8/lib/rails/templates/rails/welcome/index.html.erb (0.0ms)
Completed 200 OK in 2ms (Views: 2.0ms | ActiveRecord: 0.0ms)


Started GET "/" for 127.0.0.1 at 2015-01-15 17:41:35 +0200
Processing by Rails::WelcomeController#index as HTML
  Rendered C:/RailsInstaller/Ruby2.1.0/lib/ruby/gems/2.1.0/gems/railties-4.1.8/lib/rails/templates/rails/welcome/index.html.erb (0.0ms)
Completed 200 OK in 2ms (Views: 2.0ms | ActiveRecord: 0.0ms)


Started GET "/" for 127.0.0.1 at 2015-01-15 17:41:36 +0200
Processing by Rails::WelcomeController#index as HTML
  Rendered C:/RailsInstaller/Ruby2.1.0/lib/ruby/gems/2.1.0/gems/railties-4.1.8/lib/rails/templates/rails/welcome/index.html.erb (0.0ms)
Completed 200 OK in 2ms (Views: 2.0ms | ActiveRecord: 0.0ms)


Started GET "/breweries" for 127.0.0.1 at 2015-01-15 17:47:51 +0200

ActiveRecord::PendingMigrationError (

Migrations are pending. To resolve this issue, run:

	bin/rake db:migrate RAILS_ENV=development

):
  activerecord (4.1.8) lib/active_record/migration.rb:389:in `check_pending!'
  activerecord (4.1.8) lib/active_record/migration.rb:377:in `call'
  actionpack (4.1.8) lib/action_dispatch/middleware/callbacks.rb:29:in `block in call'
  activesupport (4.1.8) lib/active_support/callbacks.rb:82:in `run_callbacks'
  actionpack (4.1.8) lib/action_dispatch/middleware/callbacks.rb:27:in `call'
  actionpack (4.1.8) lib/action_dispatch/middleware/reloader.rb:73:in `call'
  actionpack (4.1.8) lib/action_dispatch/middleware/remote_ip.rb:76:in `call'
  actionpack (4.1.8) lib/action_dispatch/middleware/debug_exceptions.rb:17:in `call'
  actionpack (4.1.8) lib/action_dispatch/middleware/show_exceptions.rb:30:in `call'
  railties (4.1.8) lib/rails/rack/logger.rb:38:in `call_app'
  railties (4.1.8) lib/rails/rack/logger.rb:20:in `block in call'
  activesupport (4.1.8) lib/active_support/tagged_logging.rb:68:in `block in tagged'
  activesupport (4.1.8) lib/active_support/tagged_logging.rb:26:in `tagged'
  activesupport (4.1.8) lib/active_support/tagged_logging.rb:68:in `tagged'
  railties (4.1.8) lib/rails/rack/logger.rb:20:in `call'
  actionpack (4.1.8) lib/action_dispatch/middleware/request_id.rb:21:in `call'
  rack (1.5.2) lib/rack/methodoverride.rb:21:in `call'
  rack (1.5.2) lib/rack/runtime.rb:17:in `call'
  activesupport (4.1.8) lib/active_support/cache/strategy/local_cache_middleware.rb:26:in `call'
  rack (1.5.2) lib/rack/lock.rb:17:in `call'
  actionpack (4.1.8) lib/action_dispatch/middleware/static.rb:84:in `call'
  rack (1.5.2) lib/rack/sendfile.rb:112:in `call'
  railties (4.1.8) lib/rails/engine.rb:514:in `call'
  railties (4.1.8) lib/rails/application.rb:144:in `call'
  rack (1.5.2) lib/rack/lock.rb:17:in `call'
  rack (1.5.2) lib/rack/content_length.rb:14:in `call'
  rack (1.5.2) lib/rack/handler/webrick.rb:60:in `service'
  C:/RailsInstaller/Ruby2.1.0/lib/ruby/2.1.0/webrick/httpserver.rb:138:in `service'
  C:/RailsInstaller/Ruby2.1.0/lib/ruby/2.1.0/webrick/httpserver.rb:94:in `run'
  C:/RailsInstaller/Ruby2.1.0/lib/ruby/2.1.0/webrick/server.rb:295:in `block in start_thread'


  Rendered C:/RailsInstaller/Ruby2.1.0/lib/ruby/gems/2.1.0/gems/actionpack-4.1.8/lib/action_dispatch/middleware/templates/rescues/_source.erb (1.0ms)
  Rendered C:/RailsInstaller/Ruby2.1.0/lib/ruby/gems/2.1.0/gems/actionpack-4.1.8/lib/action_dispatch/middleware/templates/rescues/_trace.html.erb (1.0ms)
  Rendered C:/RailsInstaller/Ruby2.1.0/lib/ruby/gems/2.1.0/gems/actionpack-4.1.8/lib/action_dispatch/middleware/templates/rescues/_request_and_response.html.erb (1.0ms)
  Rendered C:/RailsInstaller/Ruby2.1.0/lib/ruby/gems/2.1.0/gems/actionpack-4.1.8/lib/action_dispatch/middleware/templates/rescues/diagnostics.erb within rescues/layout (47.0ms)
  [1m[36m (4.0ms)[0m  [1mCREATE TABLE "schema_migrations" ("version" varchar(255) NOT NULL) [0m
  [1m[35m (0.0ms)[0m  select sqlite_version(*)
  [1m[36m (3.0ms)[0m  [1mCREATE UNIQUE INDEX "unique_schema_migrations" ON "schema_migrations" ("version")[0m
  [1m[35mActiveRecord::SchemaMigration Load (0.0ms)[0m  SELECT "schema_migrations".* FROM "schema_migrations"
Migrating to CreateBreweries (20150115154623)
  [1m[36m (1.0ms)[0m  [1mbegin transaction[0m
  [1m[35m (1.0ms)[0m  CREATE TABLE "breweries" ("id" INTEGER PRIMARY KEY AUTOINCREMENT NOT NULL, "name" varchar(255), "year" integer, "created_at" datetime, "updated_at" datetime) 
  [1m[36mSQL (0.0ms)[0m  [1mINSERT INTO "schema_migrations" ("version") VALUES (?)[0m  [["version", "20150115154623"]]
  [1m[35m (3.0ms)[0m  commit transaction
  [1m[36mActiveRecord::SchemaMigration Load (0.0ms)[0m  [1mSELECT "schema_migrations".* FROM "schema_migrations"[0m


Started GET "/breweries" for 127.0.0.1 at 2015-01-15 17:48:15 +0200
  [1m[36mActiveRecord::SchemaMigration Load (0.0ms)[0m  [1mSELECT "schema_migrations".* FROM "schema_migrations"[0m
Processing by BreweriesController#index as HTML
  [1m[35mBrewery Load (0.0ms)[0m  SELECT "breweries".* FROM "breweries"
  Rendered breweries/index.html.erb within layouts/application (2.0ms)
Completed 200 OK in 2522ms (Views: 2520.2ms | ActiveRecord: 0.0ms)


Started GET "/assets/scaffolds.css?body=1" for 127.0.0.1 at 2015-01-15 17:48:18 +0200


Started GET "/assets/breweries.css?body=1" for 127.0.0.1 at 2015-01-15 17:48:18 +0200


Started GET "/assets/application.css?body=1" for 127.0.0.1 at 2015-01-15 17:48:18 +0200


Started GET "/assets/jquery.js?body=1" for 127.0.0.1 at 2015-01-15 17:48:18 +0200


Started GET "/assets/jquery_ujs.js?body=1" for 127.0.0.1 at 2015-01-15 17:48:18 +0200


Started GET "/assets/turbolinks.js?body=1" for 127.0.0.1 at 2015-01-15 17:48:18 +0200


Started GET "/assets/application.js?body=1" for 127.0.0.1 at 2015-01-15 17:48:18 +0200


Started GET "/assets/breweries.js?body=1" for 127.0.0.1 at 2015-01-15 17:48:18 +0200


Started GET "/breweries/new" for 127.0.0.1 at 2015-01-15 17:55:00 +0200
Processing by BreweriesController#new as HTML
  Rendered breweries/_form.html.erb (17.0ms)
  Rendered breweries/new.html.erb within layouts/application (22.0ms)
Completed 200 OK in 61ms (Views: 59.0ms | ActiveRecord: 1.0ms)


Started POST "/breweries" for 127.0.0.1 at 2015-01-15 17:55:07 +0200
Processing by BreweriesController#create as HTML
  Parameters: {"utf8"=>"✓", "authenticity_token"=>"w0KEghba7PEDt9DC5D9z86w5F4F2hg9qSnxXJqgoIgY=", "brewery"=>{"name"=>"test", "year"=>"2014"}, "commit"=>"Create Brewery"}
  [1m[36m (0.0ms)[0m  [1mbegin transaction[0m
  [1m[35mSQL (1.0ms)[0m  INSERT INTO "breweries" ("created_at", "name", "updated_at", "year") VALUES (?, ?, ?, ?)  [["created_at", "2015-01-15 15:55:07.266270"], ["name", "test"], ["updated_at", "2015-01-15 15:55:07.266270"], ["year", 2014]]
  [1m[36m (3.0ms)[0m  [1mcommit transaction[0m
Redirected to http://localhost:3000/breweries/1
Completed 302 Found in 13ms (ActiveRecord: 4.0ms)


Started GET "/breweries/1" for 127.0.0.1 at 2015-01-15 17:55:07 +0200
Processing by BreweriesController#show as HTML
  Parameters: {"id"=>"1"}
  [1m[35mBrewery Load (0.0ms)[0m  SELECT  "breweries".* FROM "breweries"  WHERE "breweries"."id" = ? LIMIT 1  [["id", 1]]
  Rendered breweries/show.html.erb within layouts/application (1.0ms)
Completed 200 OK in 34ms (Views: 32.0ms | ActiveRecord: 0.0ms)


Started GET "/assets/breweries.css?body=1" for 127.0.0.1 at 2015-01-15 17:55:07 +0200


Started GET "/assets/scaffolds.css?body=1" for 127.0.0.1 at 2015-01-15 17:55:07 +0200


Started GET "/assets/application.css?body=1" for 127.0.0.1 at 2015-01-15 17:55:07 +0200


Started GET "/assets/turbolinks.js?body=1" for 127.0.0.1 at 2015-01-15 17:55:07 +0200


Started GET "/assets/breweries.js?body=1" for 127.0.0.1 at 2015-01-15 17:55:07 +0200


Started GET "/assets/application.js?body=1" for 127.0.0.1 at 2015-01-15 17:55:07 +0200


Started GET "/breweries" for 127.0.0.1 at 2015-01-15 17:55:11 +0200
Processing by BreweriesController#index as HTML
  [1m[36mBrewery Load (0.0ms)[0m  [1mSELECT "breweries".* FROM "breweries"[0m
  Rendered breweries/index.html.erb within layouts/application (3.0ms)
Completed 200 OK in 35ms (Views: 34.0ms | ActiveRecord: 0.0ms)


Started GET "/breweries/new" for 127.0.0.1 at 2015-01-15 17:55:12 +0200
Processing by BreweriesController#new as HTML
  Rendered breweries/_form.html.erb (1.0ms)
  Rendered breweries/new.html.erb within layouts/application (3.0ms)
Completed 200 OK in 47ms (Views: 46.0ms | ActiveRecord: 0.0ms)


Started POST "/breweries" for 127.0.0.1 at 2015-01-15 17:55:15 +0200
Processing by BreweriesController#create as HTML
  Parameters: {"utf8"=>"✓", "authenticity_token"=>"w0KEghba7PEDt9DC5D9z86w5F4F2hg9qSnxXJqgoIgY=", "brewery"=>{"name"=>"asd", "year"=>"1980"}, "commit"=>"Create Brewery"}
  [1m[35m (0.0ms)[0m  begin transaction
  [1m[36mSQL (1.0ms)[0m  [1mINSERT INTO "breweries" ("created_at", "name", "updated_at", "year") VALUES (?, ?, ?, ?)[0m  [["created_at", "2015-01-15 15:55:15.497950"], ["name", "asd"], ["updated_at", "2015-01-15 15:55:15.497950"], ["year", 1980]]
  [1m[35m (3.0ms)[0m  commit transaction
Redirected to http://localhost:3000/breweries/2
Completed 302 Found in 8ms (ActiveRecord: 4.0ms)


Started GET "/breweries/2" for 127.0.0.1 at 2015-01-15 17:55:15 +0200
Processing by BreweriesController#show as HTML
  Parameters: {"id"=>"2"}
  [1m[36mBrewery Load (1.0ms)[0m  [1mSELECT  "breweries".* FROM "breweries"  WHERE "breweries"."id" = ? LIMIT 1[0m  [["id", 2]]
  Rendered breweries/show.html.erb within layouts/application (0.0ms)
Completed 200 OK in 33ms (Views: 31.0ms | ActiveRecord: 1.0ms)


Started GET "/assets/application.js?body=1" for 127.0.0.1 at 2015-01-15 17:55:15 +0200


Started GET "/assets/turbolinks.js?body=1" for 127.0.0.1 at 2015-01-15 17:55:15 +0200


Started GET "/assets/application.css?body=1" for 127.0.0.1 at 2015-01-15 17:55:15 +0200


Started GET "/assets/scaffolds.css?body=1" for 127.0.0.1 at 2015-01-15 17:55:15 +0200


Started GET "/assets/breweries.js?body=1" for 127.0.0.1 at 2015-01-15 17:55:15 +0200


Started GET "/assets/breweries.css?body=1" for 127.0.0.1 at 2015-01-15 17:55:15 +0200


Started GET "/breweries" for 127.0.0.1 at 2015-01-15 17:55:16 +0200
Processing by BreweriesController#index as HTML
  [1m[35mBrewery Load (0.0ms)[0m  SELECT "breweries".* FROM "breweries"
  Rendered breweries/index.html.erb within layouts/application (1.0ms)
Completed 200 OK in 36ms (Views: 35.0ms | ActiveRecord: 0.0ms)


Started GET "/breweries/new" for 127.0.0.1 at 2015-01-15 17:55:17 +0200
Processing by BreweriesController#new as HTML
  Rendered breweries/_form.html.erb (1.0ms)
  Rendered breweries/new.html.erb within layouts/application (3.0ms)
Completed 200 OK in 37ms (Views: 37.0ms | ActiveRecord: 0.0ms)


Started POST "/breweries" for 127.0.0.1 at 2015-01-15 17:55:22 +0200
Processing by BreweriesController#create as HTML
  Parameters: {"utf8"=>"✓", "authenticity_token"=>"w0KEghba7PEDt9DC5D9z86w5F4F2hg9qSnxXJqgoIgY=", "brewery"=>{"name"=>"ewrfewtrewrf", "year"=>"1342"}, "commit"=>"Create Brewery"}
  [1m[36m (0.0ms)[0m  [1mbegin transaction[0m
  [1m[35mSQL (0.0ms)[0m  INSERT INTO "breweries" ("created_at", "name", "updated_at", "year") VALUES (?, ?, ?, ?)  [["created_at", "2015-01-15 15:55:22.865898"], ["name", "ewrfewtrewrf"], ["updated_at", "2015-01-15 15:55:22.865898"], ["year", 1342]]
  [1m[36m (3.0ms)[0m  [1mcommit transaction[0m
Redirected to http://localhost:3000/breweries/3
Completed 302 Found in 9ms (ActiveRecord: 3.0ms)


Started GET "/breweries/3" for 127.0.0.1 at 2015-01-15 17:55:22 +0200
Processing by BreweriesController#show as HTML
  Parameters: {"id"=>"3"}
  [1m[35mBrewery Load (0.0ms)[0m  SELECT  "breweries".* FROM "breweries"  WHERE "breweries"."id" = ? LIMIT 1  [["id", 3]]
  Rendered breweries/show.html.erb within layouts/application (1.0ms)
Completed 200 OK in 32ms (Views: 31.0ms | ActiveRecord: 0.0ms)


Started GET "/assets/scaffolds.css?body=1" for 127.0.0.1 at 2015-01-15 17:55:22 +0200


Started GET "/assets/breweries.css?body=1" for 127.0.0.1 at 2015-01-15 17:55:22 +0200


Started GET "/assets/application.css?body=1" for 127.0.0.1 at 2015-01-15 17:55:22 +0200


Started GET "/assets/application.js?body=1" for 127.0.0.1 at 2015-01-15 17:55:22 +0200


Started GET "/assets/breweries.js?body=1" for 127.0.0.1 at 2015-01-15 17:55:22 +0200


Started GET "/assets/turbolinks.js?body=1" for 127.0.0.1 at 2015-01-15 17:55:22 +0200


Started GET "/breweries" for 127.0.0.1 at 2015-01-15 17:55:24 +0200
Processing by BreweriesController#index as HTML
  [1m[36mBrewery Load (0.0ms)[0m  [1mSELECT "breweries".* FROM "breweries"[0m
  Rendered breweries/index.html.erb within layouts/application (2.0ms)
Completed 200 OK in 34ms (Views: 33.0ms | ActiveRecord: 0.0ms)
  [1m[36mBrewery Load (1.0ms)[0m  [1mSELECT "breweries".* FROM "breweries"[0m
  [1m[35m (0.0ms)[0m  SELECT COUNT(*) FROM "breweries"
  [1m[36m (0.0ms)[0m  [1mbegin transaction[0m
  [1m[35mSQL (1.0ms)[0m  INSERT INTO "breweries" ("created_at", "name", "updated_at", "year") VALUES (?, ?, ?, ?)  [["created_at", "2015-01-15 16:03:45.529100"], ["name", "Stadin Panimo"], ["updated_at", "2015-01-15 16:03:45.529100"], ["year", 1997]]
  [1m[36m (3.0ms)[0m  [1mcommit transaction[0m
  [1m[35m (0.0ms)[0m  begin transaction
  [1m[36mSQL (1.0ms)[0m  [1mINSERT INTO "breweries" ("created_at", "name", "updated_at", "year") VALUES (?, ?, ?, ?)[0m  [["created_at", "2015-01-15 16:04:34.054261"], ["name", "Weihenstephan"], ["updated_at", "2015-01-15 16:04:34.054261"], ["year", 1042]]
  [1m[35m (3.0ms)[0m  commit transaction


Started GET "/breweries" for 127.0.0.1 at 2015-01-15 18:05:13 +0200
Processing by BreweriesController#index as HTML
  [1m[35mBrewery Load (1.0ms)[0m  SELECT "breweries".* FROM "breweries"
  Rendered breweries/index.html.erb within layouts/application (3.0ms)
Completed 200 OK in 38ms (Views: 36.0ms | ActiveRecord: 1.0ms)


Started GET "/assets/scaffolds.css?body=1" for 127.0.0.1 at 2015-01-15 18:05:13 +0200


Started GET "/assets/breweries.css?body=1" for 127.0.0.1 at 2015-01-15 18:05:13 +0200


Started GET "/assets/breweries.js?body=1" for 127.0.0.1 at 2015-01-15 18:05:13 +0200


Started GET "/assets/jquery.js?body=1" for 127.0.0.1 at 2015-01-15 18:05:13 +0200


Started GET "/assets/application.js?body=1" for 127.0.0.1 at 2015-01-15 18:05:13 +0200


Started GET "/assets/turbolinks.js?body=1" for 127.0.0.1 at 2015-01-15 18:05:13 +0200


Started GET "/assets/application.css?body=1" for 127.0.0.1 at 2015-01-15 18:05:13 +0200


Started GET "/assets/jquery_ujs.js?body=1" for 127.0.0.1 at 2015-01-15 18:05:13 +0200
  [1m[36m (0.0ms)[0m  [1mbegin transaction[0m
  [1m[35mSQL (2.0ms)[0m  INSERT INTO "breweries" ("created_at", "name", "updated_at", "year") VALUES (?, ?, ?, ?)  [["created_at", "2015-01-15 16:09:16.141196"], ["name", "Kumpulan panimo"], ["updated_at", "2015-01-15 16:09:16.141196"], ["year", 2012]]
  [1m[36m (3.0ms)[0m  [1mcommit transaction[0m
  [1m[35mBrewery Load (0.0ms)[0m  SELECT  "breweries".* FROM "breweries"  WHERE "breweries"."name" = 'Kumpulan panimo' LIMIT 1
  [1m[36mBrewery Load (0.0ms)[0m  [1mSELECT  "breweries".* FROM "breweries"  WHERE "breweries"."name" = 'Kumpulan panimo' LIMIT 1[0m
  [1m[35m (0.0ms)[0m  begin transaction
  [1m[36mSQL (2.0ms)[0m  [1mUPDATE "breweries" SET "updated_at" = ?, "year" = ? WHERE "breweries"."id" = 6[0m  [["updated_at", "2015-01-15 16:11:28.874770"], ["year", 2015]]
  [1m[35m (3.0ms)[0m  commit transaction
  [1m[36mActiveRecord::SchemaMigration Load (1.0ms)[0m  [1mSELECT "schema_migrations".* FROM "schema_migrations"[0m
Migrating to CreateBeers (20150115161653)
  [1m[35m (0.0ms)[0m  begin transaction
  [1m[36m (2.0ms)[0m  [1mCREATE TABLE "beers" ("id" INTEGER PRIMARY KEY AUTOINCREMENT NOT NULL, "name" varchar(255), "style" varchar(255), "brewery_id" integer, "created_at" datetime, "updated_at" datetime) [0m
  [1m[35mSQL (0.0ms)[0m  INSERT INTO "schema_migrations" ("version") VALUES (?)  [["version", "20150115161653"]]
  [1m[36m (3.0ms)[0m  [1mcommit transaction[0m
  [1m[35mActiveRecord::SchemaMigration Load (1.0ms)[0m  SELECT "schema_migrations".* FROM "schema_migrations"
  [1m[36mBrewery Load (0.0ms)[0m  [1mSELECT  "breweries".* FROM "breweries"   ORDER BY "breweries"."id" ASC LIMIT 1[0m
  [1m[35m (0.0ms)[0m  begin transaction
  [1m[36mSQL (1.0ms)[0m  [1mINSERT INTO "beers" ("brewery_id", "created_at", "name", "style", "updated_at") VALUES (?, ?, ?, ?, ?)[0m  [["brewery_id", 1], ["created_at", "2015-01-15 16:20:40.778661"], ["name", "iso 3"], ["style", "Lager"], ["updated_at", "2015-01-15 16:20:40.778661"]]
  [1m[35m (3.0ms)[0m  commit transaction
  [1m[36m (0.0ms)[0m  [1mbegin transaction[0m
  [1m[35mSQL (1.0ms)[0m  INSERT INTO "beers" ("brewery_id", "created_at", "name", "style", "updated_at") VALUES (?, ?, ?, ?, ?)  [["brewery_id", 1], ["created_at", "2015-01-15 16:20:51.096446"], ["name", "karhu"], ["style", "Lager"], ["updated_at", "2015-01-15 16:20:51.096446"]]
  [1m[36m (2.0ms)[0m  [1mcommit transaction[0m
